#
# There is insufficient memory for the Java Runtime Environment to continue.
# Native memory allocation (malloc) failed to allocate 183500800 bytes for committing reserved memory.
# Possible reasons:
#   The system is out of physical RAM or swap space
#   In 32 bit mode, the process size limit was hit
# Possible solutions:
#   Reduce memory load on the system
#   Increase physical memory or swap space
#   Check if swap backing store is full
#   Use 64 bit Java on a 64 bit OS
#   Decrease Java heap size (-Xmx/-Xms)
#   Decrease number of Java threads
#   Decrease Java thread stack sizes (-Xss)
#   Set larger code cache with -XX:ReservedCodeCacheSize=
# This output file may be truncated or incomplete.
#
#  Out of Memory Error (os_linux.cpp:2798), pid=12355, tid=140426645006080
#
# JRE version: OpenJDK Runtime Environment (7.0_75-b13) (build 1.7.0_75-b13)
# Java VM: OpenJDK 64-Bit Server VM (24.75-b04 mixed mode linux-amd64 compressed oops)
# Derivative: IcedTea 2.5.4
# Distribution: Ubuntu 14.10, package 7u75-2.5.4-1~utopic1
# Failed to write core dump. Core dumps have been disabled. To enable core dumping, try "ulimit -c unlimited" before starting Java again
#

---------------  T H R E A D  ---------------

Current thread (0x00007fb79c076000):  VMThread [stack: 0x00007fb7a03ae000,0x00007fb7a04af000] [id=12398]

Stack: [0x00007fb7a03ae000,0x00007fb7a04af000],  sp=0x00007fb7a04ad4a0,  free space=1021k
Native frames: (J=compiled Java code, j=interpreted, Vv=VM code, C=native code)
V  [libjvm.so+0x982856]  VMError::report_and_die()+0x186
V  [libjvm.so+0x48fc22]  report_vm_out_of_memory(char const*, int, unsigned long, char const*)+0x92
V  [libjvm.so+0x7f483b]  os::pd_commit_memory(char*, unsigned long, unsigned long, bool)+0xeb
V  [libjvm.so+0x7eef4e]  os::commit_memory(char*, unsigned long, unsigned long, bool)+0x2e
V  [libjvm.so+0x861d6b]  PSVirtualSpace::expand_by(unsigned long)+0x5b
V  [libjvm.so+0x862c23]  PSYoungGen::resize_generation(unsigned long, unsigned long)+0xd3
V  [libjvm.so+0x86333b]  PSYoungGen::resize(unsigned long, unsigned long)+0x1b
V  [libjvm.so+0x85ed39]  PSScavenge::invoke_no_policy()+0xdc9
V  [libjvm.so+0x85f518]  PSScavenge::invoke()+0x38
V  [libjvm.so+0x816e73]  ParallelScavengeHeap::failed_mem_allocate(unsigned long)+0x63
V  [libjvm.so+0x984122]  VM_ParallelGCFailedAllocation::doit()+0x92
V  [libjvm.so+0x9889a7]  VM_Operation::evaluate()+0x47
V  [libjvm.so+0x986f9b]  VMThread::evaluate_operation(VM_Operation*)+0xab
V  [libjvm.so+0x987646]  VMThread::loop()+0x1e6
V  [libjvm.so+0x987b11]  VMThread::run()+0x81
V  [libjvm.so+0x7f1522]  java_start(Thread*)+0xf2

VM_Operation (0x00007fb7a56a0ce0): ParallelGCFailedAllocation, mode: safepoint, requested by thread 0x00007fb79c00a800


---------------  P R O C E S S  ---------------

Java Threads: ( => current thread )
  0x00007fb79c0b1800 JavaThread "Service Thread" daemon [_thread_blocked, id=12428, stack(0x00007fb7984e2000,0x00007fb7985e3000)]
  0x00007fb79c0af000 JavaThread "C2 CompilerThread1" daemon [_thread_blocked, id=12427, stack(0x00007fb7985e3000,0x00007fb7986e4000)]
  0x00007fb79c0ac000 JavaThread "C2 CompilerThread0" daemon [_thread_blocked, id=12426, stack(0x00007fb7986e4000,0x00007fb7987e5000)]
  0x00007fb79c0aa000 JavaThread "Signal Dispatcher" daemon [_thread_blocked, id=12425, stack(0x00007fb7a00ab000,0x00007fb7a01ac000)]
  0x00007fb79c07c800 JavaThread "Finalizer" daemon [_thread_blocked, id=12408, stack(0x00007fb7a01ac000,0x00007fb7a02ad000)]
  0x00007fb79c07a800 JavaThread "Reference Handler" daemon [_thread_blocked, id=12407, stack(0x00007fb7a02ad000,0x00007fb7a03ae000)]
  0x00007fb79c00a800 JavaThread "main" [_thread_blocked, id=12381, stack(0x00007fb7a55a2000,0x00007fb7a56a3000)]

Other Threads:
=>0x00007fb79c076000 VMThread [stack: 0x00007fb7a03ae000,0x00007fb7a04af000] [id=12398]
  0x00007fb79c0bc000 WatcherThread [stack: 0x00007fb7983e1000,0x00007fb7984e2000] [id=12429]

VM state:at safepoint (normal execution)

VM Mutex/Monitor currently owned by a thread:  ([mutex/lock_event])
[0x00007fb79c006b00] Threads_lock - owner thread: 0x00007fb79c076000
[0x00007fb79c007000] Heap_lock - owner thread: 0x00007fb79c00a800

Heap
 PSYoungGen      total 134144K, used 5110K [0x00000000eaa80000, 0x00000000f3280000, 0x0000000100000000)
  eden space 129024K, 0% used [0x00000000eaa80000,0x00000000eaa80000,0x00000000f2880000)
  from space 5120K, 99% used [0x00000000f2880000,0x00000000f2d7da60,0x00000000f2d80000)
  to   space 5120K, 0% used [0x00000000f2d80000,0x00000000f2d80000,0x00000000f3280000)
 ParOldGen       total 91136K, used 77338K [0x00000000c0000000, 0x00000000c5900000, 0x00000000eaa80000)
  object space 91136K, 84% used [0x00000000c0000000,0x00000000c4b86a48,0x00000000c5900000)
 PSPermGen       total 21504K, used 5831K [0x00000000b5a00000, 0x00000000b6f00000, 0x00000000c0000000)
  object space 21504K, 27% used [0x00000000b5a00000,0x00000000b5fb1c08,0x00000000b6f00000)

Card table byte_map: [0x00007fb7a1f57000,0x00007fb7a21ab000] byte_map_base: 0x00007fb7a19aa000

Polling page: 0x00007fb7a56d1000

Code Cache  [0x00007fb799000000, 0x00007fb799270000, 0x00007fb79c000000)
 total_blobs=788 nmethods=560 adapters=181 free_code_cache=46963Kb largest_free_block=47996096

Compilation events (10 events):
Event: 18,272 Thread 0x00007fb79c0ac000 nmethod 644 0x00007fb799202a10 code [0x00007fb799202b60, 0x00007fb799202c38]
Event: 18,374 Thread 0x00007fb79c0ac000  645             java.util.BitSet::set (124 bytes)
Event: 18,382 Thread 0x00007fb79c0ac000 nmethod 645 0x00007fb799111fd0 code [0x00007fb799112160, 0x00007fb7991124c8]
Event: 18,384 Thread 0x00007fb79c0ac000  646             java.util.BitSet::checkRange (104 bytes)
Event: 18,384 Thread 0x00007fb79c0ac000 nmethod 646 0x00007fb7991047d0 code [0x00007fb799104920, 0x00007fb799104998]
Event: 18,431 Thread 0x00007fb79c0af000 nmethod 643 0x00007fb7991c12d0 code [0x00007fb7991c18e0, 0x00007fb7991c3dc0]
Event: 18,438 Thread 0x00007fb79c0ac000  647   !         com.android.dx.cf.code.BytecodeArray::parseInstruction (2764 bytes)
Event: 18,461 Thread 0x00007fb79c0af000  648             com.android.dx.cf.code.Simulator$SimVisitor::visitLocal (329 bytes)
Event: 18,542 Thread 0x00007fb79c0af000 nmethod 648 0x00007fb7991c7290 code [0x00007fb7991c7520, 0x00007fb7991c8410]
Event: 18,945 Thread 0x00007fb79c0ac000 nmethod 647 0x00007fb79922b4d0 code [0x00007fb79922cea0, 0x00007fb799233058]

GC Heap History (10 events):
Event: 3,841 GC heap after
Heap after GC invocations=1 (full 0):
 PSYoungGen      total 37376K, used 5116K [0x00000000eaa80000, 0x00000000ef380000, 0x0000000100000000)
  eden space 32256K, 0% used [0x00000000eaa80000,0x00000000eaa80000,0x00000000eca00000)
  from space 5120K, 99% used [0x00000000eca00000,0x00000000eceff3e0,0x00000000ecf00000)
  to   space 5120K, 0% used [0x00000000eee80000,0x00000000eee80000,0x00000000ef380000)
 ParOldGen       total 83968K, used 15075K [0x00000000c0000000, 0x00000000c5200000, 0x00000000eaa80000)
  object space 83968K, 17% used [0x00000000c0000000,0x00000000c0eb8ee8,0x00000000c5200000)
 PSPermGen       total 21504K, used 5550K [0x00000000b5a00000, 0x00000000b6f00000, 0x00000000c0000000)
  object space 21504K, 25% used [0x00000000b5a00000,0x00000000b5f6bad8,0x00000000b6f00000)
}
Event: 3,978 GC heap before
{Heap before GC invocations=2 (full 0):
 PSYoungGen      total 37376K, used 37372K [0x00000000eaa80000, 0x00000000ef380000, 0x0000000100000000)
  eden space 32256K, 100% used [0x00000000eaa80000,0x00000000eca00000,0x00000000eca00000)
  from space 5120K, 99% used [0x00000000eca00000,0x00000000eceff3e0,0x00000000ecf00000)
  to   space 5120K, 0% used [0x00000000eee80000,0x00000000eee80000,0x00000000ef380000)
 ParOldGen       total 83968K, used 15075K [0x00000000c0000000, 0x00000000c5200000, 0x00000000eaa80000)
  object space 83968K, 17% used [0x00000000c0000000,0x00000000c0eb8ee8,0x00000000c5200000)
 PSPermGen       total 21504K, used 5550K [0x00000000b5a00000, 0x00000000b6f00000, 0x00000000c0000000)
  object space 21504K, 25% used [0x00000000b5a00000,0x00000000b5f6bad8,0x00000000b6f00000)
Event: 4,063 GC heap after
Heap after GC invocations=2 (full 0):
 PSYoungGen      total 69632K, used 5112K [0x00000000eaa80000, 0x00000000ef380000, 0x0000000100000000)
  eden space 64512K, 0% used [0x00000000eaa80000,0x00000000eaa80000,0x00000000ee980000)
  from space 5120K, 99% used [0x00000000eee80000,0x00000000ef37e1b8,0x00000000ef380000)
  to   space 5120K, 0% used [0x00000000ee980000,0x00000000ee980000,0x00000000eee80000)
 ParOldGen       total 83968K, used 35332K [0x00000000c0000000, 0x00000000c5200000, 0x00000000eaa80000)
  object space 83968K, 42% used [0x00000000c0000000,0x00000000c22812e0,0x00000000c5200000)
 PSPermGen       total 21504K, used 5550K [0x00000000b5a00000, 0x00000000b6f00000, 0x00000000c0000000)
  object space 21504K, 25% used [0x00000000b5a00000,0x00000000b5f6bad8,0x00000000b6f00000)
}
Event: 8,052 GC heap before
{Heap before GC invocations=3 (full 0):
 PSYoungGen      total 69632K, used 69624K [0x00000000eaa80000, 0x00000000ef380000, 0x0000000100000000)
  eden space 64512K, 100% used [0x00000000eaa80000,0x00000000ee980000,0x00000000ee980000)
  from space 5120K, 99% used [0x00000000eee80000,0x00000000ef37e1b8,0x00000000ef380000)
  to   space 5120K, 0% used [0x00000000ee980000,0x00000000ee980000,0x00000000eee80000)
 ParOldGen       total 83968K, used 35332K [0x00000000c0000000, 0x00000000c5200000, 0x00000000eaa80000)
  object space 83968K, 42% used [0x00000000c0000000,0x00000000c22812e0,0x00000000c5200000)
 PSPermGen       total 21504K, used 5731K [0x00000000b5a00000, 0x00000000b6f00000, 0x00000000c0000000)
  object space 21504K, 26% used [0x00000000b5a00000,0x00000000b5f98c20,0x00000000b6f00000)
Event: 8,187 GC heap after
Heap after GC invocations=3 (full 0):
 PSYoungGen      total 69632K, used 5092K [0x00000000eaa80000, 0x00000000f3280000, 0x0000000100000000)
  eden space 64512K, 0% used [0x00000000eaa80000,0x00000000eaa80000,0x00000000ee980000)
  from space 5120K, 99% used [0x00000000ee980000,0x00000000eee793c0,0x00000000eee80000)
  to   space 5120K, 0% used [0x00000000f2d80000,0x00000000f2d80000,0x00000000f3280000)
 ParOldGen       total 83968K, used 47411K [0x00000000c0000000, 0x00000000c5200000, 0x00000000eaa80000)
  object space 83968K, 56% used [0x00000000c0000000,0x00000000c2e4cf48,0x00000000c5200000)
 PSPermGen       total 21504K, used 5731K [0x00000000b5a00000, 0x00000000b6f00000, 0x00000000c0000000)
  object space 21504K, 26% used [0x00000000b5a00000,0x00000000b5f98c20,0x00000000b6f00000)
}
Event: 15,602 GC heap before
{Heap before GC invocations=4 (full 0):
 PSYoungGen      total 69632K, used 69604K [0x00000000eaa80000, 0x00000000f3280000, 0x0000000100000000)
  eden space 64512K, 100% used [0x00000000eaa80000,0x00000000ee980000,0x00000000ee980000)
  from space 5120K, 99% used [0x00000000ee980000,0x00000000eee793c0,0x00000000eee80000)
  to   space 5120K, 0% used [0x00000000f2d80000,0x00000000f2d80000,0x00000000f3280000)
 ParOldGen       total 83968K, used 47411K [0x00000000c0000000, 0x00000000c5200000, 0x00000000eaa80000)
  object space 83968K, 56% used [0x00000000c0000000,0x00000000c2e4cf48,0x00000000c5200000)
 PSPermGen       total 21504K, used 5822K [0x00000000b5a00000, 0x00000000b6f00000, 0x00000000c0000000)
  object space 21504K, 27% used [0x00000000b5a00000,0x00000000b5fafbe8,0x00000000b6f00000)
Event: 15,772 GC heap after
Heap after GC invocations=4 (full 0):
 PSYoungGen      total 134144K, used 5091K [0x00000000eaa80000, 0x00000000f3280000, 0x0000000100000000)
  eden space 129024K, 0% used [0x00000000eaa80000,0x00000000eaa80000,0x00000000f2880000)
  from space 5120K, 99% used [0x00000000f2d80000,0x00000000f3278f58,0x00000000f3280000)
  to   space 5120K, 0% used [0x00000000f2880000,0x00000000f2880000,0x00000000f2d80000)
 ParOldGen       total 83968K, used 65923K [0x00000000c0000000, 0x00000000c5200000, 0x00000000eaa80000)
  object space 83968K, 78% used [0x00000000c0000000,0x00000000c4060c68,0x00000000c5200000)
 PSPermGen       total 21504K, used 5822K [0x00000000b5a00000, 0x00000000b6f00000, 0x00000000c0000000)
  object space 21504K, 27% used [0x00000000b5a00000,0x00000000b5fafbe8,0x00000000b6f00000)
}
Event: 15,773 GC heap before
{Heap before GC invocations=5 (full 1):
 PSYoungGen      total 134144K, used 5091K [0x00000000eaa80000, 0x00000000f3280000, 0x0000000100000000)
  eden space 129024K, 0% used [0x00000000eaa80000,0x00000000eaa80000,0x00000000f2880000)
  from space 5120K, 99% used [0x00000000f2d80000,0x00000000f3278f58,0x00000000f3280000)
  to   space 5120K, 0% used [0x00000000f2880000,0x00000000f2880000,0x00000000f2d80000)
 ParOldGen       total 83968K, used 65923K [0x00000000c0000000, 0x00000000c5200000, 0x00000000eaa80000)
  object space 83968K, 78% used [0x00000000c0000000,0x00000000c4060c68,0x00000000c5200000)
 PSPermGen       total 21504K, used 5822K [0x00000000b5a00000, 0x00000000b6f00000, 0x00000000c0000000)
  object space 21504K, 27% used [0x00000000b5a00000,0x00000000b5fafbe8,0x00000000b6f00000)
Event: 16,465 GC heap after
Heap after GC invocations=5 (full 1):
 PSYoungGen      total 134144K, used 0K [0x00000000eaa80000, 0x00000000f3280000, 0x0000000100000000)
  eden space 129024K, 0% used [0x00000000eaa80000,0x00000000eaa80000,0x00000000f2880000)
  from space 5120K, 0% used [0x00000000f2d80000,0x00000000f2d80000,0x00000000f3280000)
  to   space 5120K, 0% used [0x00000000f2880000,0x00000000f2880000,0x00000000f2d80000)
 ParOldGen       total 91136K, used 27150K [0x00000000c0000000, 0x00000000c5900000, 0x00000000eaa80000)
  object space 91136K, 29% used [0x00000000c0000000,0x00000000c1a83a78,0x00000000c5900000)
 PSPermGen       total 21504K, used 5820K [0x00000000b5a00000, 0x00000000b6f00000, 0x00000000c0000000)
  object space 21504K, 27% used [0x00000000b5a00000,0x00000000b5faf240,0x00000000b6f00000)
}
Event: 19,547 GC heap before
{Heap before GC invocations=6 (full 1):
 PSYoungGen      total 134144K, used 129024K [0x00000000eaa80000, 0x00000000f3280000, 0x0000000100000000)
  eden space 129024K, 100% used [0x00000000eaa80000,0x00000000f2880000,0x00000000f2880000)
  from space 5120K, 0% used [0x00000000f2d80000,0x00000000f2d80000,0x00000000f3280000)
  to   space 5120K, 0% used [0x00000000f2880000,0x00000000f2880000,0x00000000f2d80000)
 ParOldGen       total 91136K, used 27150K [0x00000000c0000000, 0x00000000c5900000, 0x00000000eaa80000)
  object space 91136K, 29% used [0x00000000c0000000,0x00000000c1a83a78,0x00000000c5900000)
 PSPermGen       total 21504K, used 5831K [0x00000000b5a00000, 0x00000000b6f00000, 0x00000000c0000000)
  object space 21504K, 27% used [0x00000000b5a00000,0x00000000b5fb1c08,0x00000000b6f00000)

Deoptimization events (10 events):
Event: 13,758 Thread 0x00007fb79c00a800 Uncommon trap: reason=class_check action=maybe_recompile pc=0x00007fb7990ce86c method=com.android.dx.ssa.NormalSsaInsn.accept(Lcom/android/dx/ssa/SsaInsn$Visitor;)V @ 9
Event: 18,213 Thread 0x00007fb79c00a800 Uncommon trap: reason=bimorphic action=maybe_recompile pc=0x00007fb79916f538 method=com.android.dx.ssa.SCCP.setLatticeValueTo(IILcom/android/dx/rop/cst/Constant;)Z @ 43
Event: 18,213 Thread 0x00007fb79c00a800 Uncommon trap: reason=bimorphic action=maybe_recompile pc=0x00007fb79916f538 method=com.android.dx.ssa.SCCP.setLatticeValueTo(IILcom/android/dx/rop/cst/Constant;)Z @ 43
Event: 18,213 Thread 0x00007fb79c00a800 Uncommon trap: reason=bimorphic action=maybe_recompile pc=0x00007fb79916f538 method=com.android.dx.ssa.SCCP.setLatticeValueTo(IILcom/android/dx/rop/cst/Constant;)Z @ 43
Event: 18,213 Thread 0x00007fb79c00a800 Uncommon trap: reason=bimorphic action=maybe_recompile pc=0x00007fb79916f538 method=com.android.dx.ssa.SCCP.setLatticeValueTo(IILcom/android/dx/rop/cst/Constant;)Z @ 43
Event: 18,257 Thread 0x00007fb79c00a800 Uncommon trap: reason=class_check action=maybe_recompile pc=0x00007fb7991f8fcc method=com.android.dx.cf.code.RopperMachine.run(Lcom/android/dx/cf/code/Frame;II)V @ 310
Event: 18,259 Thread 0x00007fb79c00a800 Uncommon trap: reason=bimorphic action=maybe_recompile pc=0x00007fb799218724 method=com.android.dx.cf.code.BytecodeArray.parseInstruction(ILcom/android/dx/cf/code/BytecodeArray$Visitor;)I @ 1130
Event: 18,268 Thread 0x00007fb79c00a800 Uncommon trap: reason=class_check action=maybe_recompile pc=0x00007fb7991f8fcc method=com.android.dx.cf.code.RopperMachine.run(Lcom/android/dx/cf/code/Frame;II)V @ 310
Event: 18,268 Thread 0x00007fb79c00a800 Uncommon trap: reason=bimorphic action=maybe_recompile pc=0x00007fb799218724 method=com.android.dx.cf.code.BytecodeArray.parseInstruction(ILcom/android/dx/cf/code/BytecodeArray$Visitor;)I @ 1130
Event: 18,269 Thread 0x00007fb79c00a800 Uncommon trap: reason=unreached action=reinterpret pc=0x00007fb7991f1690 method=com.android.dx.cf.code.Merger.mergeLocals(Lcom/android/dx/cf/code/OneLocalsArray;Lcom/android/dx/cf/code/OneLocalsArray;)Lcom/android/dx/cf/code/OneLocalsArray; @ 84

Internal exceptions (10 events):
Event: 8,937 Thread 0x00007fb79c00a800 Threw 0x00000000eafd99b8 at /build/buildd/openjdk-7-7u75-2.5.4/build/openjdk/hotspot/src/share/vm/prims/jvm.cpp:1284
Event: 8,938 Thread 0x00007fb79c00a800 Threw 0x00000000eafe41e8 at /build/buildd/openjdk-7-7u75-2.5.4/build/openjdk/hotspot/src/share/vm/prims/jvm.cpp:1284
Event: 8,939 Thread 0x00007fb79c00a800 Threw 0x00000000eafe6cd0 at /build/buildd/openjdk-7-7u75-2.5.4/build/openjdk/hotspot/src/share/vm/prims/jvm.cpp:1284
Event: 8,940 Thread 0x00007fb79c00a800 Threw 0x00000000eaff1658 at /build/buildd/openjdk-7-7u75-2.5.4/build/openjdk/hotspot/src/share/vm/prims/jvm.cpp:1284
Event: 8,976 Thread 0x00007fb79c00a800 Implicit null exception at 0x00007fb7990fd14e to 0x00007fb7990fd1b1
Event: 9,769 Thread 0x00007fb79c00a800 Threw 0x00000000eb64e6f8 at /build/buildd/openjdk-7-7u75-2.5.4/build/openjdk/hotspot/src/share/vm/prims/jvm.cpp:1284
Event: 10,395 Thread 0x00007fb79c00a800 Threw 0x00000000ebbba028 at /build/buildd/openjdk-7-7u75-2.5.4/build/openjdk/hotspot/src/share/vm/prims/jvm.cpp:1284
Event: 10,852 Thread 0x00007fb79c00a800 Implicit null exception at 0x00007fb79918ba03 to 0x00007fb79918c231
Event: 11,013 Thread 0x00007fb79c00a800 Threw 0x00000000ec1e6f80 at /build/buildd/openjdk-7-7u75-2.5.4/build/openjdk/hotspot/src/share/vm/prims/jvm.cpp:1284
Event: 11,666 Thread 0x00007fb79c00a800 Implicit null exception at 0x00007fb799107f9b to 0x00007fb7991081fd

Events (10 events):
Event: 18,268 Thread 0x00007fb79c00a800 Uncommon trap: trap_request=0xffffffde fr.pc=0x00007fb7991f8fcc
Event: 18,268 Thread 0x00007fb79c00a800 DEOPT PACKING pc=0x00007fb7991f8fcc sp=0x00007fb7a56a0d80
Event: 18,268 Thread 0x00007fb79c00a800 DEOPT UNPACKING pc=0x00007fb799039445 sp=0x00007fb7a56a0d20 mode 2
Event: 18,268 Thread 0x00007fb79c00a800 Uncommon trap: trap_request=0xffffffc6 fr.pc=0x00007fb799218724
Event: 18,268 Thread 0x00007fb79c00a800 DEOPT PACKING pc=0x00007fb799218724 sp=0x00007fb7a56a0d90
Event: 18,268 Thread 0x00007fb79c00a800 DEOPT UNPACKING pc=0x00007fb799039445 sp=0x00007fb7a56a0d48 mode 2
Event: 18,269 Thread 0x00007fb79c00a800 Uncommon trap: trap_request=0xffffffad fr.pc=0x00007fb7991f1690
Event: 18,269 Thread 0x00007fb79c00a800 DEOPT PACKING pc=0x00007fb7991f1690 sp=0x00007fb7a56a0e20
Event: 18,269 Thread 0x00007fb79c00a800 DEOPT UNPACKING pc=0x00007fb799039445 sp=0x00007fb7a56a0de8 mode 2
Event: 19,545 Executing VM operation: ParallelGCFailedAllocation


Dynamic libraries:
00400000-00401000 r-xp 00000000 fc:01 2761572                            /usr/lib/jvm/java-7-openjdk-amd64/jre/bin/java
00600000-00601000 r--p 00000000 fc:01 2761572                            /usr/lib/jvm/java-7-openjdk-amd64/jre/bin/java
00601000-00602000 rw-p 00001000 fc:01 2761572                            /usr/lib/jvm/java-7-openjdk-amd64/jre/bin/java
00cfe000-00d1f000 rw-p 00000000 00:00 0                                  [heap]
b5a00000-b6f00000 rw-p 00000000 00:00 0 
b6f00000-c0000000 rw-p 00000000 00:00 0 
c0000000-c5900000 rw-p 00000000 00:00 0 
c5900000-eaa80000 rw-p 00000000 00:00 0 
eaa80000-f3280000 rw-p 00000000 00:00 0 
fe180000-100000000 rw-p 00000000 00:00 0 
7fb764000000-7fb764021000 rw-p 00000000 00:00 0 
7fb764021000-7fb768000000 ---p 00000000 00:00 0 
7fb768000000-7fb768021000 rw-p 00000000 00:00 0 
7fb768021000-7fb76c000000 ---p 00000000 00:00 0 
7fb76c000000-7fb76d0f7000 rw-p 00000000 00:00 0 
7fb76d0f7000-7fb770000000 ---p 00000000 00:00 0 
7fb770000000-7fb771058000 rw-p 00000000 00:00 0 
7fb771058000-7fb774000000 ---p 00000000 00:00 0 
7fb774000000-7fb774021000 rw-p 00000000 00:00 0 
7fb774021000-7fb778000000 ---p 00000000 00:00 0 
7fb778000000-7fb778021000 rw-p 00000000 00:00 0 
7fb778021000-7fb77c000000 ---p 00000000 00:00 0 
7fb77c000000-7fb77c242000 rw-p 00000000 00:00 0 
7fb77c242000-7fb780000000 ---p 00000000 00:00 0 
7fb780000000-7fb780021000 rw-p 00000000 00:00 0 
7fb780021000-7fb784000000 ---p 00000000 00:00 0 
7fb784000000-7fb784021000 rw-p 00000000 00:00 0 
7fb784021000-7fb788000000 ---p 00000000 00:00 0 
7fb788000000-7fb788021000 rw-p 00000000 00:00 0 
7fb788021000-7fb78c000000 ---p 00000000 00:00 0 
7fb78c000000-7fb78c021000 rw-p 00000000 00:00 0 
7fb78c021000-7fb790000000 ---p 00000000 00:00 0 
7fb790527000-7fb790593000 r-xp 00000000 fc:01 6295844                    /lib/x86_64-linux-gnu/libpcre.so.3.13.1
7fb790593000-7fb790792000 ---p 0006c000 fc:01 6295844                    /lib/x86_64-linux-gnu/libpcre.so.3.13.1
7fb790792000-7fb790793000 r--p 0006b000 fc:01 6295844                    /lib/x86_64-linux-gnu/libpcre.so.3.13.1
7fb790793000-7fb790794000 rw-p 0006c000 fc:01 6295844                    /lib/x86_64-linux-gnu/libpcre.so.3.13.1
7fb790794000-7fb79079b000 r-xp 00000000 fc:01 2494903                    /usr/lib/x86_64-linux-gnu/libffi.so.6.0.2
7fb79079b000-7fb79099a000 ---p 00007000 fc:01 2494903                    /usr/lib/x86_64-linux-gnu/libffi.so.6.0.2
7fb79099a000-7fb79099b000 r--p 00006000 fc:01 2494903                    /usr/lib/x86_64-linux-gnu/libffi.so.6.0.2
7fb79099b000-7fb79099c000 rw-p 00007000 fc:01 2494903                    /usr/lib/x86_64-linux-gnu/libffi.so.6.0.2
7fb79099c000-7fb7909b3000 r-xp 00000000 fc:01 6357301                    /lib/x86_64-linux-gnu/libresolv-2.19.so
7fb7909b3000-7fb790bb3000 ---p 00017000 fc:01 6357301                    /lib/x86_64-linux-gnu/libresolv-2.19.so
7fb790bb3000-7fb790bb4000 r--p 00017000 fc:01 6357301                    /lib/x86_64-linux-gnu/libresolv-2.19.so
7fb790bb4000-7fb790bb5000 rw-p 00018000 fc:01 6357301                    /lib/x86_64-linux-gnu/libresolv-2.19.so
7fb790bb5000-7fb790bb7000 rw-p 00000000 00:00 0 
7fb790bb7000-7fb790bd8000 r-xp 00000000 fc:01 6295767                    /lib/x86_64-linux-gnu/libselinux.so.1
7fb790bd8000-7fb790dd7000 ---p 00021000 fc:01 6295767                    /lib/x86_64-linux-gnu/libselinux.so.1
7fb790dd7000-7fb790dd8000 r--p 00020000 fc:01 6295767                    /lib/x86_64-linux-gnu/libselinux.so.1
7fb790dd8000-7fb790dd9000 rw-p 00021000 fc:01 6295767                    /lib/x86_64-linux-gnu/libselinux.so.1
7fb790dd9000-7fb790ddb000 rw-p 00000000 00:00 0 
7fb790ddb000-7fb790dde000 r-xp 00000000 fc:01 2492443                    /usr/lib/x86_64-linux-gnu/libgmodule-2.0.so.0.4200.2
7fb790dde000-7fb790fdd000 ---p 00003000 fc:01 2492443                    /usr/lib/x86_64-linux-gnu/libgmodule-2.0.so.0.4200.2
7fb790fdd000-7fb790fde000 r--p 00002000 fc:01 2492443                    /usr/lib/x86_64-linux-gnu/libgmodule-2.0.so.0.4200.2
7fb790fde000-7fb790fdf000 rw-p 00003000 fc:01 2492443                    /usr/lib/x86_64-linux-gnu/libgmodule-2.0.so.0.4200.2
7fb790fdf000-7fb7910eb000 r-xp 00000000 fc:01 6295850                    /lib/x86_64-linux-gnu/libglib-2.0.so.0.4200.2
7fb7910eb000-7fb7912eb000 ---p 0010c000 fc:01 6295850                    /lib/x86_64-linux-gnu/libglib-2.0.so.0.4200.2
7fb7912eb000-7fb7912ec000 r--p 0010c000 fc:01 6295850                    /lib/x86_64-linux-gnu/libglib-2.0.so.0.4200.2
7fb7912ec000-7fb7912ed000 rw-p 0010d000 fc:01 6295850                    /lib/x86_64-linux-gnu/libglib-2.0.so.0.4200.2
7fb7912ed000-7fb7912ee000 rw-p 00000000 00:00 0 
7fb7912ee000-7fb79133e000 r-xp 00000000 fc:01 2492441                    /usr/lib/x86_64-linux-gnu/libgobject-2.0.so.0.4200.2
7fb79133e000-7fb79153e000 ---p 00050000 fc:01 2492441                    /usr/lib/x86_64-linux-gnu/libgobject-2.0.so.0.4200.2
7fb79153e000-7fb79153f000 r--p 00050000 fc:01 2492441                    /usr/lib/x86_64-linux-gnu/libgobject-2.0.so.0.4200.2
7fb79153f000-7fb791540000 rw-p 00051000 fc:01 2492441                    /usr/lib/x86_64-linux-gnu/libgobject-2.0.so.0.4200.2
7fb791540000-7fb7916b0000 r-xp 00000000 fc:01 2492445                    /usr/lib/x86_64-linux-gnu/libgio-2.0.so.0.4200.2
7fb7916b0000-7fb7918b0000 ---p 00170000 fc:01 2492445                    /usr/lib/x86_64-linux-gnu/libgio-2.0.so.0.4200.2
7fb7918b0000-7fb7918b4000 r--p 00170000 fc:01 2492445                    /usr/lib/x86_64-linux-gnu/libgio-2.0.so.0.4200.2
7fb7918b4000-7fb7918b6000 rw-p 00174000 fc:01 2492445                    /usr/lib/x86_64-linux-gnu/libgio-2.0.so.0.4200.2
7fb7918b6000-7fb7918b8000 rw-p 00000000 00:00 0 
7fb7918b8000-7fb7918cf000 r-xp 00000000 fc:01 2761476                    /usr/lib/jvm/java-7-openjdk-amd64/jre/lib/amd64/libnet.so
7fb7918cf000-7fb791ace000 ---p 00017000 fc:01 2761476                    /usr/lib/jvm/java-7-openjdk-amd64/jre/lib/amd64/libnet.so
7fb791ace000-7fb791acf000 r--p 00016000 fc:01 2761476                    /usr/lib/jvm/java-7-openjdk-amd64/jre/lib/amd64/libnet.so
7fb791acf000-7fb791ad0000 rw-p 00017000 fc:01 2761476                    /usr/lib/jvm/java-7-openjdk-amd64/jre/lib/amd64/libnet.so
7fb791ad0000-7fb794000000 rw-p 00000000 00:00 0 
7fb794000000-7fb794021000 rw-p 00000000 00:00 0 
7fb794021000-7fb798000000 ---p 00000000 00:00 0 
7fb7981cf000-7fb7981e0000 r-xp 00000000 fc:01 2761464                    /usr/lib/jvm/java-7-openjdk-amd64/jre/lib/amd64/libnio.so
7fb7981e0000-7fb7983df000 ---p 00011000 fc:01 2761464                    /usr/lib/jvm/java-7-openjdk-amd64/jre/lib/amd64/libnio.so
7fb7983df000-7fb7983e0000 r--p 00010000 fc:01 2761464                    /usr/lib/jvm/java-7-openjdk-amd64/jre/lib/amd64/libnio.so
7fb7983e0000-7fb7983e1000 rw-p 00011000 fc:01 2761464                    /usr/lib/jvm/java-7-openjdk-amd64/jre/lib/amd64/libnio.so
7fb7983e1000-7fb7983e2000 ---p 00000000 00:00 0 
7fb7983e2000-7fb7984e2000 rw-p 00000000 00:00 0                          [stack:12429]
7fb7984e2000-7fb7984e5000 ---p 00000000 00:00 0 
7fb7984e5000-7fb7985e3000 rw-p 00000000 00:00 0                          [stack:12428]
7fb7985e3000-7fb7985e6000 ---p 00000000 00:00 0 
7fb7985e6000-7fb7986e4000 rw-p 00000000 00:00 0                          [stack:12427]
7fb7986e4000-7fb7986e7000 ---p 00000000 00:00 0 
7fb7986e7000-7fb7987e5000 rw-p 00000000 00:00 0                          [stack:12426]
7fb7987e5000-7fb799000000 r--p 00000000 fc:01 2497526                    /usr/lib/locale/locale-archive
7fb799000000-7fb799270000 rwxp 00000000 00:00 0 
7fb799270000-7fb79c1ee000 rw-p 00000000 00:00 0 
7fb79c1ee000-7fb7a0000000 ---p 00000000 00:00 0 
7fb7a002a000-7fb7a0031000 r--s 00000000 fc:01 2765838                    /usr/lib/x86_64-linux-gnu/gconv/gconv-modules.cache
7fb7a0031000-7fb7a0062000 rw-p 00000000 00:00 0 
7fb7a0067000-7fb7a008c000 r--p 00000000 fc:01 3804567                    /usr/share/locale-langpack/pl/LC_MESSAGES/libc.mo
7fb7a008c000-7fb7a009c000 r--s 000b2000 00:25 6572878                    /home/madejs/projects/ATMLocator/app/build/intermediates/exploded-aar/com.google.android.gms/play-services-base/6.5.87/classes.jar
7fb7a009c000-7fb7a00ab000 r--s 000dd000 00:25 6839182                    /home/madejs/apps/androidsdk/build-tools/21.1.2/lib/dx.jar
7fb7a00ab000-7fb7a00ae000 ---p 00000000 00:00 0 
7fb7a00ae000-7fb7a01ac000 rw-p 00000000 00:00 0                          [stack:12425]
7fb7a01ac000-7fb7a01af000 ---p 00000000 00:00 0 
7fb7a01af000-7fb7a02ad000 rw-p 00000000 00:00 0                          [stack:12408]
7fb7a02ad000-7fb7a02b0000 ---p 00000000 00:00 0 
7fb7a02b0000-7fb7a03ae000 rw-p 00000000 00:00 0                          [stack:12407]
7fb7a03ae000-7fb7a03af000 ---p 00000000 00:00 0 
7fb7a03af000-7fb7a14ac000 rw-p 00000000 00:00 0                          [stack:12398]
7fb7a14ac000-7fb7a165e000 r--s 01d23000 fc:01 2761550                    /usr/lib/jvm/java-7-openjdk-amd64/jre/lib/rt.jar
7fb7a165e000-7fb7a19aa000 rw-p 00000000 00:00 0 
7fb7a19aa000-7fb7a19ab000 ---p 00000000 00:00 0 
7fb7a19ab000-7fb7a1aab000 rw-p 00000000 00:00 0                          [stack:12386]
7fb7a1aab000-7fb7a1aac000 ---p 00000000 00:00 0 
7fb7a1aac000-7fb7a1bac000 rw-p 00000000 00:00 0                          [stack:12385]
7fb7a1bac000-7fb7a1bad000 ---p 00000000 00:00 0 
7fb7a1bad000-7fb7a1cad000 rw-p 00000000 00:00 0                          [stack:12384]
7fb7a1cad000-7fb7a1cae000 ---p 00000000 00:00 0 
7fb7a1cae000-7fb7a1db9000 rw-p 00000000 00:00 0                          [stack:12383]
7fb7a1db9000-7fb7a1e01000 rw-p 00000000 00:00 0 
7fb7a1e01000-7fb7a1e2e000 rw-p 00000000 00:00 0 
7fb7a1e2e000-7fb7a1f57000 rw-p 00000000 00:00 0 
7fb7a1f57000-7fb7a1f62000 rw-p 00000000 00:00 0 
7fb7a1f62000-7fb7a1faa000 rw-p 00000000 00:00 0 
7fb7a1faa000-7fb7a1fd7000 rw-p 00000000 00:00 0 
7fb7a1fd7000-7fb7a20ff000 rw-p 00000000 00:00 0 
7fb7a20ff000-7fb7a2144000 rw-p 00000000 00:00 0 
7fb7a2144000-7fb7a21aa000 rw-p 00000000 00:00 0 
7fb7a21aa000-7fb7a21ab000 rw-p 00000000 00:00 0 
7fb7a21ab000-7fb7a21b3000 r-xp 00000000 fc:01 2761457                    /usr/lib/jvm/java-7-openjdk-amd64/jre/lib/amd64/libzip.so
7fb7a21b3000-7fb7a23b2000 ---p 00008000 fc:01 2761457                    /usr/lib/jvm/java-7-openjdk-amd64/jre/lib/amd64/libzip.so
7fb7a23b2000-7fb7a23b3000 r--p 00007000 fc:01 2761457                    /usr/lib/jvm/java-7-openjdk-amd64/jre/lib/amd64/libzip.so
7fb7a23b3000-7fb7a23b4000 rw-p 00008000 fc:01 2761457                    /usr/lib/jvm/java-7-openjdk-amd64/jre/lib/amd64/libzip.so
7fb7a23b4000-7fb7a23bf000 r-xp 00000000 fc:01 6357306                    /lib/x86_64-linux-gnu/libnss_files-2.19.so
7fb7a23bf000-7fb7a25be000 ---p 0000b000 fc:01 6357306                    /lib/x86_64-linux-gnu/libnss_files-2.19.so
7fb7a25be000-7fb7a25bf000 r--p 0000a000 fc:01 6357306                    /lib/x86_64-linux-gnu/libnss_files-2.19.so
7fb7a25bf000-7fb7a25c0000 rw-p 0000b000 fc:01 6357306                    /lib/x86_64-linux-gnu/libnss_files-2.19.so
7fb7a25c0000-7fb7a25cb000 r-xp 00000000 fc:01 6357308                    /lib/x86_64-linux-gnu/libnss_nis-2.19.so
7fb7a25cb000-7fb7a27ca000 ---p 0000b000 fc:01 6357308                    /lib/x86_64-linux-gnu/libnss_nis-2.19.so
7fb7a27ca000-7fb7a27cb000 r--p 0000a000 fc:01 6357308                    /lib/x86_64-linux-gnu/libnss_nis-2.19.so
7fb7a27cb000-7fb7a27cc000 rw-p 0000b000 fc:01 6357308                    /lib/x86_64-linux-gnu/libnss_nis-2.19.so
7fb7a27cc000-7fb7a27e3000 r-xp 00000000 fc:01 6357150                    /lib/x86_64-linux-gnu/libnsl-2.19.so
7fb7a27e3000-7fb7a29e2000 ---p 00017000 fc:01 6357150                    /lib/x86_64-linux-gnu/libnsl-2.19.so
7fb7a29e2000-7fb7a29e3000 r--p 00016000 fc:01 6357150                    /lib/x86_64-linux-gnu/libnsl-2.19.so
7fb7a29e3000-7fb7a29e4000 rw-p 00017000 fc:01 6357150                    /lib/x86_64-linux-gnu/libnsl-2.19.so
7fb7a29e4000-7fb7a29e6000 rw-p 00000000 00:00 0 
7fb7a29e6000-7fb7a29ef000 r-xp 00000000 fc:01 6357151                    /lib/x86_64-linux-gnu/libnss_compat-2.19.so
7fb7a29ef000-7fb7a2bee000 ---p 00009000 fc:01 6357151                    /lib/x86_64-linux-gnu/libnss_compat-2.19.so
7fb7a2bee000-7fb7a2bef000 r--p 00008000 fc:01 6357151                    /lib/x86_64-linux-gnu/libnss_compat-2.19.so
7fb7a2bef000-7fb7a2bf0000 rw-p 00009000 fc:01 6357151                    /lib/x86_64-linux-gnu/libnss_compat-2.19.so
7fb7a2bf0000-7fb7a2c1d000 r-xp 00000000 fc:01 2761453                    /usr/lib/jvm/java-7-openjdk-amd64/jre/lib/amd64/libjava.so
7fb7a2c1d000-7fb7a2e1c000 ---p 0002d000 fc:01 2761453                    /usr/lib/jvm/java-7-openjdk-amd64/jre/lib/amd64/libjava.so
7fb7a2e1c000-7fb7a2e1d000 r--p 0002c000 fc:01 2761453                    /usr/lib/jvm/java-7-openjdk-amd64/jre/lib/amd64/libjava.so
7fb7a2e1d000-7fb7a2e1f000 rw-p 0002d000 fc:01 2761453                    /usr/lib/jvm/java-7-openjdk-amd64/jre/lib/amd64/libjava.so
7fb7a2e1f000-7fb7a2e30000 r-xp 00000000 fc:01 2761484                    /usr/lib/jvm/java-7-openjdk-amd64/jre/lib/amd64/libverify.so
7fb7a2e30000-7fb7a302f000 ---p 00011000 fc:01 2761484                    /usr/lib/jvm/java-7-openjdk-amd64/jre/lib/amd64/libverify.so
7fb7a302f000-7fb7a3031000 r--p 00010000 fc:01 2761484                    /usr/lib/jvm/java-7-openjdk-amd64/jre/lib/amd64/libverify.so
7fb7a3031000-7fb7a3032000 rw-p 00012000 fc:01 2761484                    /usr/lib/jvm/java-7-openjdk-amd64/jre/lib/amd64/libverify.so
7fb7a3032000-7fb7a3039000 r-xp 00000000 fc:01 6357309                    /lib/x86_64-linux-gnu/librt-2.19.so
7fb7a3039000-7fb7a3238000 ---p 00007000 fc:01 6357309                    /lib/x86_64-linux-gnu/librt-2.19.so
7fb7a3238000-7fb7a3239000 r--p 00006000 fc:01 6357309                    /lib/x86_64-linux-gnu/librt-2.19.so
7fb7a3239000-7fb7a323a000 rw-p 00007000 fc:01 6357309                    /lib/x86_64-linux-gnu/librt-2.19.so
7fb7a323a000-7fb7a3250000 r-xp 00000000 fc:01 6298768                    /lib/x86_64-linux-gnu/libgcc_s.so.1
7fb7a3250000-7fb7a344f000 ---p 00016000 fc:01 6298768                    /lib/x86_64-linux-gnu/libgcc_s.so.1
7fb7a344f000-7fb7a3450000 r--p 00015000 fc:01 6298768                    /lib/x86_64-linux-gnu/libgcc_s.so.1
7fb7a3450000-7fb7a3451000 rw-p 00016000 fc:01 6298768                    /lib/x86_64-linux-gnu/libgcc_s.so.1
7fb7a3451000-7fb7a3556000 r-xp 00000000 fc:01 6357126                    /lib/x86_64-linux-gnu/libm-2.19.so
7fb7a3556000-7fb7a3755000 ---p 00105000 fc:01 6357126                    /lib/x86_64-linux-gnu/libm-2.19.so
7fb7a3755000-7fb7a3756000 r--p 00104000 fc:01 6357126                    /lib/x86_64-linux-gnu/libm-2.19.so
7fb7a3756000-7fb7a3757000 rw-p 00105000 fc:01 6357126                    /lib/x86_64-linux-gnu/libm-2.19.so
7fb7a3757000-7fb7a3847000 r-xp 00000000 fc:01 2492138                    /usr/lib/x86_64-linux-gnu/libstdc++.so.6.0.20
7fb7a3847000-7fb7a3a47000 ---p 000f0000 fc:01 2492138                    /usr/lib/x86_64-linux-gnu/libstdc++.so.6.0.20
7fb7a3a47000-7fb7a3a4f000 r--p 000f0000 fc:01 2492138                    /usr/lib/x86_64-linux-gnu/libstdc++.so.6.0.20
7fb7a3a4f000-7fb7a3a51000 rw-p 000f8000 fc:01 2492138                    /usr/lib/x86_64-linux-gnu/libstdc++.so.6.0.20
7fb7a3a51000-7fb7a3a66000 rw-p 00000000 00:00 0 
7fb7a3a66000-7fb7a45b5000 r-xp 00000000 fc:01 2761500                    /usr/lib/jvm/java-7-openjdk-amd64/jre/lib/amd64/server/libjvm.so
7fb7a45b5000-7fb7a47b5000 ---p 00b4f000 fc:01 2761500                    /usr/lib/jvm/java-7-openjdk-amd64/jre/lib/amd64/server/libjvm.so
7fb7a47b5000-7fb7a4855000 r--p 00b4f000 fc:01 2761500                    /usr/lib/jvm/java-7-openjdk-amd64/jre/lib/amd64/server/libjvm.so
7fb7a4855000-7fb7a4878000 rw-p 00bef000 fc:01 2761500                    /usr/lib/jvm/java-7-openjdk-amd64/jre/lib/amd64/server/libjvm.so
7fb7a4878000-7fb7a48a5000 rw-p 00000000 00:00 0 
7fb7a48a5000-7fb7a48bd000 r-xp 00000000 fc:01 6295609                    /lib/x86_64-linux-gnu/libz.so.1.2.8
7fb7a48bd000-7fb7a4abc000 ---p 00018000 fc:01 6295609                    /lib/x86_64-linux-gnu/libz.so.1.2.8
7fb7a4abc000-7fb7a4abd000 r--p 00017000 fc:01 6295609                    /lib/x86_64-linux-gnu/libz.so.1.2.8
7fb7a4abd000-7fb7a4abe000 rw-p 00018000 fc:01 6295609                    /lib/x86_64-linux-gnu/libz.so.1.2.8
7fb7a4abe000-7fb7a4ad7000 r-xp 00000000 fc:01 6357154                    /lib/x86_64-linux-gnu/libpthread-2.19.so
7fb7a4ad7000-7fb7a4cd6000 ---p 00019000 fc:01 6357154                    /lib/x86_64-linux-gnu/libpthread-2.19.so
7fb7a4cd6000-7fb7a4cd7000 r--p 00018000 fc:01 6357154                    /lib/x86_64-linux-gnu/libpthread-2.19.so
7fb7a4cd7000-7fb7a4cd8000 rw-p 00019000 fc:01 6357154                    /lib/x86_64-linux-gnu/libpthread-2.19.so
7fb7a4cd8000-7fb7a4cdc000 rw-p 00000000 00:00 0 
7fb7a4cdc000-7fb7a4cdf000 r-xp 00000000 fc:01 6357153                    /lib/x86_64-linux-gnu/libdl-2.19.so
7fb7a4cdf000-7fb7a4ede000 ---p 00003000 fc:01 6357153                    /lib/x86_64-linux-gnu/libdl-2.19.so
7fb7a4ede000-7fb7a4edf000 r--p 00002000 fc:01 6357153                    /lib/x86_64-linux-gnu/libdl-2.19.so
7fb7a4edf000-7fb7a4ee0000 rw-p 00003000 fc:01 6357153                    /lib/x86_64-linux-gnu/libdl-2.19.so
7fb7a4ee0000-7fb7a509a000 r-xp 00000000 fc:01 6357307                    /lib/x86_64-linux-gnu/libc-2.19.so
7fb7a509a000-7fb7a5299000 ---p 001ba000 fc:01 6357307                    /lib/x86_64-linux-gnu/libc-2.19.so
7fb7a5299000-7fb7a529d000 r--p 001b9000 fc:01 6357307                    /lib/x86_64-linux-gnu/libc-2.19.so
7fb7a529d000-7fb7a529f000 rw-p 001bd000 fc:01 6357307                    /lib/x86_64-linux-gnu/libc-2.19.so
7fb7a529f000-7fb7a52a4000 rw-p 00000000 00:00 0 
7fb7a52a4000-7fb7a52b1000 r-xp 00000000 fc:01 2761502                    /usr/lib/jvm/java-7-openjdk-amd64/jre/lib/amd64/jli/libjli.so
7fb7a52b1000-7fb7a54b0000 ---p 0000d000 fc:01 2761502                    /usr/lib/jvm/java-7-openjdk-amd64/jre/lib/amd64/jli/libjli.so
7fb7a54b0000-7fb7a54b1000 r--p 0000c000 fc:01 2761502                    /usr/lib/jvm/java-7-openjdk-amd64/jre/lib/amd64/jli/libjli.so
7fb7a54b1000-7fb7a54b2000 rw-p 0000d000 fc:01 2761502                    /usr/lib/jvm/java-7-openjdk-amd64/jre/lib/amd64/jli/libjli.so
7fb7a54b2000-7fb7a54d5000 r-xp 00000000 fc:01 6357302                    /lib/x86_64-linux-gnu/ld-2.19.so
7fb7a54d6000-7fb7a54d9000 r--s 00086000 fc:01 2761556                    /usr/lib/jvm/java-7-openjdk-amd64/jre/lib/ext/localedata.jar
7fb7a54d9000-7fb7a54dc000 r--s 0000f000 fc:01 2761554                    /usr/lib/jvm/java-7-openjdk-amd64/jre/lib/ext/icedtea-sound.jar
7fb7a54dc000-7fb7a54e0000 r--s 0003c000 fc:01 2761562                    /usr/lib/jvm/java-7-openjdk-amd64/jre/lib/ext/sunpkcs11.jar
7fb7a54e0000-7fb7a54e2000 r--s 00006000 fc:01 2890976                    /usr/share/java/java-atk-wrapper.jar
7fb7a54e2000-7fb7a54ec000 rw-p 00000000 00:00 0 
7fb7a54ec000-7fb7a55a2000 rw-p 00000000 00:00 0 
7fb7a55a2000-7fb7a55a5000 ---p 00000000 00:00 0 
7fb7a55a5000-7fb7a56a9000 rw-p 00000000 00:00 0                          [stack:12381]
7fb7a56a9000-7fb7a56ad000 r--s 00034000 fc:01 2761560                    /usr/lib/jvm/java-7-openjdk-amd64/jre/lib/ext/sunjce_provider.jar
7fb7a56ad000-7fb7a56ae000 r--s 00002000 fc:01 2761552                    /usr/lib/jvm/java-7-openjdk-amd64/jre/lib/ext/dnsns.jar
7fb7a56ae000-7fb7a56b0000 r--s 00012000 fc:01 2761558                    /usr/lib/jvm/java-7-openjdk-amd64/jre/lib/ext/zipfs.jar
7fb7a56b0000-7fb7a56c8000 rw-p 00000000 00:00 0 
7fb7a56c8000-7fb7a56d0000 rw-s 00000000 fc:01 3156425                    /tmp/hsperfdata_madejs/12355
7fb7a56d0000-7fb7a56d1000 rw-p 00000000 00:00 0 
7fb7a56d1000-7fb7a56d2000 ---p 00000000 00:00 0 
7fb7a56d2000-7fb7a56d4000 rw-p 00000000 00:00 0 
7fb7a56d4000-7fb7a56d5000 r--p 00022000 fc:01 6357302                    /lib/x86_64-linux-gnu/ld-2.19.so
7fb7a56d5000-7fb7a56d6000 rw-p 00023000 fc:01 6357302                    /lib/x86_64-linux-gnu/ld-2.19.so
7fb7a56d6000-7fb7a56d7000 rw-p 00000000 00:00 0 
7fff03513000-7fff03534000 rw-p 00000000 00:00 0                          [stack]
7fff035e0000-7fff035e2000 r-xp 00000000 00:00 0                          [vdso]
7fff035e2000-7fff035e4000 r--p 00000000 00:00 0                          [vvar]
ffffffffff600000-ffffffffff601000 r-xp 00000000 00:00 0                  [vsyscall]

VM Arguments:
jvm_args: -Xmx1024M -Dfile.encoding=UTF-8 -Duser.country=PL -Duser.language=pl -Duser.variant 
java_command: com.android.dx.command.Main --dex --output /home/madejs/projects/ATMLocator/app/build/intermediates/pre-dexed/debug/classes-2c903d5d7d5455e455c4ce6c0f9418a509e2dd19.jar /home/madejs/projects/ATMLocator/app/build/intermediates/exploded-aar/com.google.android.gms/play-services-base/6.5.87/classes.jar
Launcher Type: SUN_STANDARD

Environment Variables:
CLASSPATH=/home/madejs/apps/android-studio/bin/../lib/bootstrap.jar:/home/madejs/apps/android-studio/bin/../lib/extensions.jar:/home/madejs/apps/android-studio/bin/../lib/util.jar:/home/madejs/apps/android-studio/bin/../lib/jdom.jar:/home/madejs/apps/android-studio/bin/../lib/log4j.jar:/home/madejs/apps/android-studio/bin/../lib/trove4j.jar:/home/madejs/apps/android-studio/bin/../lib/jna.jar:/usr/lib/jvm/java-7-oracle/lib/tools.jar
PATH=/usr/local/sbin:/usr/local/bin:/usr/sbin:/usr/bin:/sbin:/bin:/usr/games:/usr/local/games
LD_LIBRARY_PATH=/home/madejs/apps/android-studio/bin:
SHELL=/bin/bash
DISPLAY=:0

Signal Handlers:
SIGSEGV: [libjvm.so+0x983340], sa_mask[0]=0x7ffbfeff, sa_flags=0x10000004
SIGBUS: [libjvm.so+0x983340], sa_mask[0]=0x7ffbfeff, sa_flags=0x10000004
SIGFPE: [libjvm.so+0x7efd90], sa_mask[0]=0x7ffbfeff, sa_flags=0x10000004
SIGPIPE: [libjvm.so+0x7efd90], sa_mask[0]=0x7ffbfeff, sa_flags=0x10000004
SIGXFSZ: [libjvm.so+0x7efd90], sa_mask[0]=0x7ffbfeff, sa_flags=0x10000004
SIGILL: [libjvm.so+0x7efd90], sa_mask[0]=0x7ffbfeff, sa_flags=0x10000004
SIGUSR1: SIG_DFL, sa_mask[0]=0x00000000, sa_flags=0x00000000
SIGUSR2: [libjvm.so+0x7efc10], sa_mask[0]=0x00000004, sa_flags=0x10000004
SIGHUP: [libjvm.so+0x7efe10], sa_mask[0]=0x7ffbfeff, sa_flags=0x10000004
SIGINT: [libjvm.so+0x7efe10], sa_mask[0]=0x7ffbfeff, sa_flags=0x10000004
SIGTERM: [libjvm.so+0x7efe10], sa_mask[0]=0x7ffbfeff, sa_flags=0x10000004
SIGQUIT: [libjvm.so+0x7efe10], sa_mask[0]=0x7ffbfeff, sa_flags=0x10000004
SIGTRAP: SIG_DFL, sa_mask[0]=0x00000000, sa_flags=0x00000000


---------------  S Y S T E M  ---------------

OS:Ubuntu 14.10 (utopic)
uname:Linux 3.16.0-34-generic #45-Ubuntu SMP Mon Mar 23 17:21:27 UTC 2015 x86_64
libc:glibc 2.19 NPTL 2.19 
rlimit: STACK 8192k, CORE 0k, NPROC 31436, NOFILE 4096, AS infinity
load average:8,40 3,03 1,69

/proc/meminfo:
MemTotal:        8080036 kB
MemFree:          420616 kB
MemAvailable:     141200 kB
Buffers:             356 kB
Cached:           692972 kB
SwapCached:            0 kB
Active:          5448016 kB
Inactive:         590420 kB
Active(anon):    5436056 kB
Inactive(anon):   580360 kB
Active(file):      11960 kB
Inactive(file):    10060 kB
Unevictable:          80 kB
Mlocked:              80 kB
SwapTotal:             0 kB
SwapFree:              0 kB
Dirty:               548 kB
Writeback:             0 kB
AnonPages:       5345824 kB
Mapped:          1511736 kB
Shmem:            670568 kB
Slab:             159448 kB
SReclaimable:      74484 kB
SUnreclaim:        84964 kB
KernelStack:       17520 kB
PageTables:        77984 kB
NFS_Unstable:          0 kB
Bounce:                0 kB
WritebackTmp:          0 kB
CommitLimit:     4040016 kB
Committed_AS:   14441404 kB
VmallocTotal:   34359738367 kB
VmallocUsed:      357492 kB
VmallocChunk:   34359366384 kB
HardwareCorrupted:     0 kB
AnonHugePages:   1423360 kB
HugePages_Total:       0
HugePages_Free:        0
HugePages_Rsvd:        0
HugePages_Surp:        0
Hugepagesize:       2048 kB
DirectMap4k:       94712 kB
DirectMap2M:     8198144 kB


CPU:total 4 (2 cores per cpu, 2 threads per core) family 6 model 42 stepping 7, cmov, cx8, fxsr, mmx, sse, sse2, sse3, ssse3, sse4.1, sse4.2, popcnt, avx, aes, ht, tsc, tscinvbit

/proc/cpuinfo:
processor	: 0
vendor_id	: GenuineIntel
cpu family	: 6
model		: 42
model name	: Intel(R) Core(TM) i5-2430M CPU @ 2.40GHz
stepping	: 7
microcode	: 0x1b
cpu MHz		: 2800.031
cache size	: 3072 KB
physical id	: 0
siblings	: 4
core id		: 0
cpu cores	: 2
apicid		: 0
initial apicid	: 0
fpu		: yes
fpu_exception	: yes
cpuid level	: 13
wp		: yes
flags		: fpu vme de pse tsc msr pae mce cx8 apic sep mtrr pge mca cmov pat pse36 clflush dts acpi mmx fxsr sse sse2 ss ht tm pbe syscall nx rdtscp lm constant_tsc arch_perfmon pebs bts rep_good nopl xtopology nonstop_tsc aperfmperf eagerfpu pni pclmulqdq dtes64 monitor ds_cpl vmx est tm2 ssse3 cx16 xtpr pdcm pcid sse4_1 sse4_2 x2apic popcnt tsc_deadline_timer aes xsave avx lahf_lm ida arat epb xsaveopt pln pts dtherm tpr_shadow vnmi flexpriority ept vpid
bogomips	: 4789.34
clflush size	: 64
cache_alignment	: 64
address sizes	: 36 bits physical, 48 bits virtual
power management:

processor	: 1
vendor_id	: GenuineIntel
cpu family	: 6
model		: 42
model name	: Intel(R) Core(TM) i5-2430M CPU @ 2.40GHz
stepping	: 7
microcode	: 0x1b
cpu MHz		: 2800.031
cache size	: 3072 KB
physical id	: 0
siblings	: 4
core id		: 1
cpu cores	: 2
apicid		: 2
initial apicid	: 2
fpu		: yes
fpu_exception	: yes
cpuid level	: 13
wp		: yes
flags		: fpu vme de pse tsc msr pae mce cx8 apic sep mtrr pge mca cmov pat pse36 clflush dts acpi mmx fxsr sse sse2 ss ht tm pbe syscall nx rdtscp lm constant_tsc arch_perfmon pebs bts rep_good nopl xtopology nonstop_tsc aperfmperf eagerfpu pni pclmulqdq dtes64 monitor ds_cpl vmx est tm2 ssse3 cx16 xtpr pdcm pcid sse4_1 sse4_2 x2apic popcnt tsc_deadline_timer aes xsave avx lahf_lm ida arat epb xsaveopt pln pts dtherm tpr_shadow vnmi flexpriority ept vpid
bogomips	: 4789.34
clflush size	: 64
cache_alignment	: 64
address sizes	: 36 bits physical, 48 bits virtual
power management:

processor	: 2
vendor_id	: GenuineIntel
cpu family	: 6
model		: 42
model name	: Intel(R) Core(TM) i5-2430M CPU @ 2.40GHz
stepping	: 7
microcode	: 0x1b
cpu MHz		: 2799.937
cache size	: 3072 KB
physical id	: 0
siblings	: 4
core id		: 0
cpu cores	: 2
apicid		: 1
initial apicid	: 1
fpu		: yes
fpu_exception	: yes
cpuid level	: 13
wp		: yes
flags		: fpu vme de pse tsc msr pae mce cx8 apic sep mtrr pge mca cmov pat pse36 clflush dts acpi mmx fxsr sse sse2 ss ht tm pbe syscall nx rdtscp lm constant_tsc arch_perfmon pebs bts rep_good nopl xtopology nonstop_tsc aperfmperf eagerfpu pni pclmulqdq dtes64 monitor ds_cpl vmx est tm2 ssse3 cx16 xtpr pdcm pcid sse4_1 sse4_2 x2apic popcnt tsc_deadline_timer aes xsave avx lahf_lm ida arat epb xsaveopt pln pts dtherm tpr_shadow vnmi flexpriority ept vpid
bogomips	: 4789.34
clflush size	: 64
cache_alignment	: 64
address sizes	: 36 bits physical, 48 bits virtual
power management:

processor	: 3
vendor_id	: GenuineIntel
cpu family	: 6
model		: 42
model name	: Intel(R) Core(TM) i5-2430M CPU @ 2.40GHz
stepping	: 7
microcode	: 0x1b
cpu MHz		: 2800.031
cache size	: 3072 KB
physical id	: 0
siblings	: 4
core id		: 1
cpu cores	: 2
apicid		: 3
initial apicid	: 3
fpu		: yes
fpu_exception	: yes
cpuid level	: 13
wp		: yes
flags		: fpu vme de pse tsc msr pae mce cx8 apic sep mtrr pge mca cmov pat pse36 clflush dts acpi mmx fxsr sse sse2 ss ht tm pbe syscall nx rdtscp lm constant_tsc arch_perfmon pebs bts rep_good nopl xtopology nonstop_tsc aperfmperf eagerfpu pni pclmulqdq dtes64 monitor ds_cpl vmx est tm2 ssse3 cx16 xtpr pdcm pcid sse4_1 sse4_2 x2apic popcnt tsc_deadline_timer aes xsave avx lahf_lm ida arat epb xsaveopt pln pts dtherm tpr_shadow vnmi flexpriority ept vpid
bogomips	: 4789.34
clflush size	: 64
cache_alignment	: 64
address sizes	: 36 bits physical, 48 bits virtual
power management:



Memory: 4k page, physical 8080036k(421476k free), swap 0k(0k free)

vm_info: OpenJDK 64-Bit Server VM (24.75-b04) for linux-amd64 JRE (1.7.0_75-b13), built on Jan 27 2015 00:46:28 by "buildd" with gcc 4.9.1

time: Tue Mar 31 09:29:25 2015
elapsed time: 19 seconds

